__________________________________________________
---------- Memory Allocation Report ----------
Log Time : Thu Feb 12 13:56:56 2026
__________________________________________________

Process Name : MemCompression
PID          : 3068
RSS (MB)     : 724.59
VMS (MB)     : 1.89
Memory %     : 4.55
__________________________________________________
Process Name : Code.exe
PID          : 13524
RSS (MB)     : 495.82
VMS (MB)     : 771.49
Memory %     : 3.11
__________________________________________________
Process Name : chrome.exe
PID          : 2760
RSS (MB)     : 412.13
VMS (MB)     : 548.11
Memory %     : 2.59
__________________________________________________
Process Name : Code.exe
PID          : 6836
RSS (MB)     : 366.53
VMS (MB)     : 408.43
Memory %     : 2.30
__________________________________________________
Process Name : chrome.exe
PID          : 5260
RSS (MB)     : 265.84
VMS (MB)     : 228.14
Memory %     : 1.67
__________________________________________________
Process Name : WavesSysSvc64.exe
PID          : 4248
RSS (MB)     : 265.26
VMS (MB)     : 30.12
Memory %     : 1.66
__________________________________________________
Process Name : chrome.exe
PID          : 6976
RSS (MB)     : 256.91
VMS (MB)     : 202.39
Memory %     : 1.61
__________________________________________________
Process Name : chrome.exe
PID          : 19632
RSS (MB)     : 253.09
VMS (MB)     : 328.50
Memory %     : 1.59
__________________________________________________
Process Name : chrome.exe
PID          : 10876
RSS (MB)     : 250.80
VMS (MB)     : 133.89
Memory %     : 1.57
__________________________________________________
Process Name : chrome.exe
PID          : 2564
RSS (MB)     : 231.23
VMS (MB)     : 207.68
Memory %     : 1.45
__________________________________________________
----------- End of Report -----------
__________________________________________________
